2025-11-29 18:22:46.348 +01:00 [INF] Export [unknown] culture.
2025-11-29 18:22:46.401 +01:00 [INF] Loaded file [Game.locres].
2025-11-29 18:22:46.401 +01:00 [INF] Loaded file [].
2025-11-29 18:22:46.414 +01:00 [INF] Culture [unknown]. Wrote [9733] resources.
2025-11-29 18:22:46.487 +01:00 [INF] Wrote [1] cultures in file [base_en.json].
2025-11-29 18:22:48.304 +01:00 [INF] Import [unknown] culture.
2025-11-29 18:22:48.349 +01:00 [INF] Loaded file [Game.locres].
2025-11-29 18:22:48.453 +01:00 [INF] Culture [unknown]. Read [9733] resources.
2025-11-29 18:22:48.454 +01:00 [INF] Read [1] cultures in file [Game_en.json].
2025-11-29 18:22:48.456 +01:00 [INF] Found [3] modified resources.
2025-11-29 18:22:48.457 +01:00 [INF] Import. Added [0] new resources.
2025-11-29 18:22:48.457 +01:00 [INF] Import. Updated [3] existing resources.
2025-11-29 18:22:48.660 +01:00 [INF] Saved file [Game.locres]. (Encoding: Auto)
2025-11-29 18:27:18.454 +01:00 [INF] Export [unknown] culture.
2025-11-29 18:27:18.500 +01:00 [INF] Loaded file [Game.locres].
2025-11-29 18:27:18.500 +01:00 [INF] Loaded file [].
2025-11-29 18:27:18.514 +01:00 [INF] Culture [unknown]. Wrote [9733] resources.
2025-11-29 18:27:18.572 +01:00 [INF] Wrote [1] cultures in file [base_en.json].
2025-11-29 18:27:19.960 +01:00 [INF] Import [unknown] culture.
2025-11-29 18:27:20.004 +01:00 [INF] Loaded file [Game.locres].
2025-11-29 18:27:20.099 +01:00 [INF] Culture [unknown]. Read [9733] resources.
2025-11-29 18:27:20.099 +01:00 [INF] Read [1] cultures in file [Game_en.json].
2025-11-29 18:27:20.100 +01:00 [INF] Found [3] modified resources.
2025-11-29 18:27:20.101 +01:00 [INF] Import. Added [0] new resources.
2025-11-29 18:27:20.101 +01:00 [INF] Import. Updated [3] existing resources.
2025-11-29 18:27:20.295 +01:00 [INF] Saved file [Game.locres]. (Encoding: Auto)
2025-11-29 18:38:59.651 +01:00 [INF] Export [unknown] culture.
2025-11-29 18:38:59.692 +01:00 [INF] Loaded file [Game.locres].
2025-11-29 18:38:59.692 +01:00 [INF] Loaded file [].
2025-11-29 18:38:59.704 +01:00 [INF] Culture [unknown]. Wrote [9733] resources.
2025-11-29 18:38:59.761 +01:00 [INF] Wrote [1] cultures in file [base_en.json].
2025-11-29 18:39:01.391 +01:00 [INF] Import [unknown] culture.
2025-11-29 18:39:01.437 +01:00 [INF] Loaded file [Game.locres].
2025-11-29 18:39:01.531 +01:00 [INF] Culture [unknown]. Read [9733] resources.
2025-11-29 18:39:01.531 +01:00 [INF] Read [1] cultures in file [Game_en.json].
2025-11-29 18:39:01.532 +01:00 [INF] Found [3] modified resources.
2025-11-29 18:39:01.533 +01:00 [INF] Import. Added [0] new resources.
2025-11-29 18:39:01.533 +01:00 [INF] Import. Updated [3] existing resources.
2025-11-29 18:39:01.743 +01:00 [INF] Saved file [Game.locres]. (Encoding: Auto)
2025-11-29 18:40:26.572 +01:00 [INF] Export [unknown] culture.
2025-11-29 18:40:26.622 +01:00 [INF] Loaded file [Game.locres].
2025-11-29 18:40:26.622 +01:00 [INF] Loaded file [].
2025-11-29 18:40:26.636 +01:00 [INF] Culture [unknown]. Wrote [9733] resources.
2025-11-29 18:40:26.695 +01:00 [INF] Wrote [1] cultures in file [base_en.json].
2025-11-29 18:40:35.970 +01:00 [INF] Import [unknown] culture.
2025-11-29 18:40:36.013 +01:00 [INF] Loaded file [Game.locres].
2025-11-29 18:40:36.104 +01:00 [INF] Culture [unknown]. Read [9733] resources.
2025-11-29 18:40:36.104 +01:00 [INF] Read [1] cultures in file [Game_en.json].
2025-11-29 18:40:36.106 +01:00 [INF] Found [3] modified resources.
2025-11-29 18:40:36.106 +01:00 [INF] Import. Added [0] new resources.
2025-11-29 18:40:36.106 +01:00 [INF] Import. Updated [3] existing resources.
2025-11-29 18:40:36.307 +01:00 [INF] Saved file [Game.locres]. (Encoding: Auto)
2025-11-29 18:53:01.404 +01:00 [INF] Export [unknown] culture.
2025-11-29 18:53:01.446 +01:00 [INF] Loaded file [Game.locres].
2025-11-29 18:53:01.447 +01:00 [INF] Loaded file [].
2025-11-29 18:53:01.460 +01:00 [INF] Culture [unknown]. Wrote [9733] resources.
2025-11-29 18:53:01.522 +01:00 [INF] Wrote [1] cultures in file [base_en.json].
2025-11-29 18:53:02.829 +01:00 [INF] Import [unknown] culture.
2025-11-29 18:53:02.875 +01:00 [INF] Loaded file [Game.locres].
2025-11-29 18:53:02.968 +01:00 [INF] Culture [unknown]. Read [9733] resources.
2025-11-29 18:53:02.969 +01:00 [INF] Read [1] cultures in file [Game_en.json].
2025-11-29 18:53:02.970 +01:00 [INF] Found [3] modified resources.
2025-11-29 18:53:02.970 +01:00 [INF] Import. Added [0] new resources.
2025-11-29 18:53:02.970 +01:00 [INF] Import. Updated [3] existing resources.
2025-11-29 18:53:03.175 +01:00 [INF] Saved file [Game.locres]. (Encoding: Auto)
2025-11-29 18:56:19.712 +01:00 [INF] Export [unknown] culture.
2025-11-29 18:56:19.753 +01:00 [INF] Loaded file [Game.locres].
2025-11-29 18:56:19.753 +01:00 [INF] Loaded file [].
2025-11-29 18:56:19.766 +01:00 [INF] Culture [unknown]. Wrote [9733] resources.
2025-11-29 18:56:19.823 +01:00 [INF] Wrote [1] cultures in file [base_en.json].
2025-11-29 18:56:28.903 +01:00 [INF] Import [unknown] culture.
2025-11-29 18:56:28.945 +01:00 [INF] Loaded file [Game.locres].
2025-11-29 18:56:29.036 +01:00 [INF] Culture [unknown]. Read [9733] resources.
2025-11-29 18:56:29.037 +01:00 [INF] Read [1] cultures in file [Game_en.json].
2025-11-29 18:56:29.038 +01:00 [INF] Found [3] modified resources.
2025-11-29 18:56:29.039 +01:00 [INF] Import. Added [0] new resources.
2025-11-29 18:56:29.039 +01:00 [INF] Import. Updated [3] existing resources.
2025-11-29 18:56:29.249 +01:00 [INF] Saved file [Game.locres]. (Encoding: Auto)
2025-11-29 18:57:55.499 +01:00 [INF] Export [unknown] culture.
2025-11-29 18:57:55.540 +01:00 [INF] Loaded file [Game.locres].
2025-11-29 18:57:55.541 +01:00 [INF] Loaded file [].
2025-11-29 18:57:55.553 +01:00 [INF] Culture [unknown]. Wrote [9733] resources.
2025-11-29 18:57:55.608 +01:00 [INF] Wrote [1] cultures in file [base_en.json].
2025-11-29 18:58:24.927 +01:00 [INF] Import [unknown] culture.
2025-11-29 18:58:24.969 +01:00 [INF] Loaded file [Game.locres].
2025-11-29 18:58:25.061 +01:00 [INF] Culture [unknown]. Read [9733] resources.
2025-11-29 18:58:25.062 +01:00 [INF] Read [1] cultures in file [Game_en.json].
2025-11-29 18:58:25.063 +01:00 [INF] Found [3] modified resources.
2025-11-29 18:58:25.063 +01:00 [INF] Import. Added [0] new resources.
2025-11-29 18:58:25.064 +01:00 [INF] Import. Updated [3] existing resources.
2025-11-29 18:58:25.265 +01:00 [INF] Saved file [Game.locres]. (Encoding: Auto)
2025-11-29 18:59:19.771 +01:00 [INF] Export [unknown] culture.
2025-11-29 18:59:19.813 +01:00 [INF] Loaded file [Game.locres].
2025-11-29 18:59:19.813 +01:00 [INF] Loaded file [].
2025-11-29 18:59:19.825 +01:00 [INF] Culture [unknown]. Wrote [9733] resources.
2025-11-29 18:59:19.878 +01:00 [INF] Wrote [1] cultures in file [Game.json].
2025-11-29 18:59:50.519 +01:00 [INF] Export [unknown] culture.
2025-11-29 18:59:50.562 +01:00 [INF] Loaded file [Game.locres].
2025-11-29 18:59:50.562 +01:00 [INF] Loaded file [].
2025-11-29 18:59:50.574 +01:00 [INF] Culture [unknown]. Wrote [9733] resources.
2025-11-29 18:59:50.628 +01:00 [INF] Wrote [1] cultures in file [base_en.json].
2025-11-29 18:59:52.429 +01:00 [INF] Import [unknown] culture.
2025-11-29 18:59:52.470 +01:00 [INF] Loaded file [Game.locres].
2025-11-29 18:59:52.559 +01:00 [INF] Culture [unknown]. Read [9733] resources.
2025-11-29 18:59:52.560 +01:00 [INF] Read [1] cultures in file [Game_en.json].
2025-11-29 18:59:52.562 +01:00 [INF] Found [3] modified resources.
2025-11-29 18:59:52.562 +01:00 [INF] Import. Added [0] new resources.
2025-11-29 18:59:52.562 +01:00 [INF] Import. Updated [3] existing resources.
2025-11-29 18:59:52.775 +01:00 [INF] Saved file [Game.locres]. (Encoding: Auto)
2025-11-29 19:07:25.038 +01:00 [INF] Export [unknown] culture.
2025-11-29 19:07:25.076 +01:00 [INF] Loaded file [Game.locres].
2025-11-29 19:07:25.076 +01:00 [INF] Loaded file [].
2025-11-29 19:07:25.089 +01:00 [INF] Culture [unknown]. Wrote [9733] resources.
2025-11-29 19:07:25.144 +01:00 [INF] Wrote [1] cultures in file [base_en.json].
2025-11-29 19:07:26.774 +01:00 [INF] Import [unknown] culture.
2025-11-29 19:07:26.818 +01:00 [INF] Loaded file [Game.locres].
2025-11-29 19:07:26.914 +01:00 [INF] Culture [unknown]. Read [9733] resources.
2025-11-29 19:07:26.914 +01:00 [INF] Read [1] cultures in file [Game_en.json].
2025-11-29 19:07:26.916 +01:00 [INF] Found [3] modified resources.
2025-11-29 19:07:26.916 +01:00 [INF] Import. Added [0] new resources.
2025-11-29 19:07:26.916 +01:00 [INF] Import. Updated [3] existing resources.
2025-11-29 19:07:27.124 +01:00 [INF] Saved file [Game.locres]. (Encoding: Auto)
2025-11-29 19:12:07.952 +01:00 [INF] Export [unknown] culture.
2025-11-29 19:12:07.994 +01:00 [INF] Loaded file [Game.locres].
2025-11-29 19:12:07.994 +01:00 [INF] Loaded file [].
2025-11-29 19:12:08.007 +01:00 [INF] Culture [unknown]. Wrote [9733] resources.
2025-11-29 19:12:08.070 +01:00 [INF] Wrote [1] cultures in file [base_en.json].
2025-11-29 19:12:10.758 +01:00 [INF] Import [unknown] culture.
2025-11-29 19:12:10.800 +01:00 [INF] Loaded file [Game.locres].
2025-11-29 19:12:10.887 +01:00 [INF] Culture [unknown]. Read [9733] resources.
2025-11-29 19:12:10.888 +01:00 [INF] Read [1] cultures in file [Game_en.json].
2025-11-29 19:12:10.889 +01:00 [INF] Found [3] modified resources.
2025-11-29 19:12:10.889 +01:00 [INF] Import. Added [0] new resources.
2025-11-29 19:12:10.889 +01:00 [INF] Import. Updated [3] existing resources.
2025-11-29 19:12:11.089 +01:00 [INF] Saved file [Game.locres]. (Encoding: Auto)
2025-11-29 19:20:04.979 +01:00 [INF] Export [unknown] culture.
2025-11-29 19:20:05.022 +01:00 [INF] Loaded file [Game.locres].
2025-11-29 19:20:05.022 +01:00 [INF] Loaded file [].
2025-11-29 19:20:05.035 +01:00 [INF] Culture [unknown]. Wrote [9733] resources.
2025-11-29 19:20:05.092 +01:00 [INF] Wrote [1] cultures in file [base_en.json].
2025-11-29 19:20:06.121 +01:00 [INF] Import [unknown] culture.
2025-11-29 19:20:06.164 +01:00 [INF] Loaded file [Game.locres].
2025-11-29 19:20:06.264 +01:00 [INF] Culture [unknown]. Read [9733] resources.
2025-11-29 19:20:06.265 +01:00 [INF] Read [1] cultures in file [Game_en.json].
2025-11-29 19:20:06.266 +01:00 [INF] Found [3] modified resources.
2025-11-29 19:20:06.266 +01:00 [INF] Import. Added [0] new resources.
2025-11-29 19:20:06.266 +01:00 [INF] Import. Updated [3] existing resources.
2025-11-29 19:20:06.467 +01:00 [INF] Saved file [Game.locres]. (Encoding: Auto)
2025-11-29 19:20:28.350 +01:00 [INF] Export [unknown] culture.
2025-11-29 19:20:28.392 +01:00 [INF] Loaded file [Game.locres].
2025-11-29 19:20:28.392 +01:00 [INF] Loaded file [].
2025-11-29 19:20:28.405 +01:00 [INF] Culture [unknown]. Wrote [9733] resources.
2025-11-29 19:20:28.461 +01:00 [INF] Wrote [1] cultures in file [base_en.json].
2025-11-29 19:20:29.688 +01:00 [INF] Import [unknown] culture.
2025-11-29 19:20:29.734 +01:00 [INF] Loaded file [Game.locres].
2025-11-29 19:20:29.831 +01:00 [INF] Culture [unknown]. Read [9733] resources.
2025-11-29 19:20:29.831 +01:00 [INF] Read [1] cultures in file [Game_en.json].
2025-11-29 19:20:29.832 +01:00 [INF] Found [3] modified resources.
2025-11-29 19:20:29.833 +01:00 [INF] Import. Added [0] new resources.
2025-11-29 19:20:29.833 +01:00 [INF] Import. Updated [3] existing resources.
2025-11-29 19:20:30.033 +01:00 [INF] Saved file [Game.locres]. (Encoding: Auto)
2025-11-29 19:20:57.452 +01:00 [INF] Export [unknown] culture.
2025-11-29 19:20:57.492 +01:00 [INF] Loaded file [Game.locres].
2025-11-29 19:20:57.492 +01:00 [INF] Loaded file [].
2025-11-29 19:20:57.505 +01:00 [INF] Culture [unknown]. Wrote [9733] resources.
2025-11-29 19:20:57.561 +01:00 [INF] Wrote [1] cultures in file [base_en.json].
2025-11-29 19:20:59.328 +01:00 [INF] Import [unknown] culture.
2025-11-29 19:20:59.369 +01:00 [INF] Loaded file [Game.locres].
2025-11-29 19:20:59.461 +01:00 [INF] Culture [unknown]. Read [9733] resources.
2025-11-29 19:20:59.462 +01:00 [INF] Read [1] cultures in file [Game_en.json].
2025-11-29 19:20:59.463 +01:00 [INF] Found [3] modified resources.
2025-11-29 19:20:59.463 +01:00 [INF] Import. Added [0] new resources.
2025-11-29 19:20:59.463 +01:00 [INF] Import. Updated [3] existing resources.
2025-11-29 19:20:59.669 +01:00 [INF] Saved file [Game.locres]. (Encoding: Auto)
2025-11-29 19:21:14.460 +01:00 [INF] Export [unknown] culture.
2025-11-29 19:21:14.501 +01:00 [INF] Loaded file [Game.locres].
2025-11-29 19:21:14.501 +01:00 [INF] Loaded file [].
2025-11-29 19:21:14.514 +01:00 [INF] Culture [unknown]. Wrote [9733] resources.
2025-11-29 19:21:14.571 +01:00 [INF] Wrote [1] cultures in file [base_en.json].
2025-11-29 19:21:15.560 +01:00 [INF] Import [unknown] culture.
2025-11-29 19:21:15.602 +01:00 [INF] Loaded file [Game.locres].
2025-11-29 19:21:15.691 +01:00 [INF] Culture [unknown]. Read [9733] resources.
2025-11-29 19:21:15.691 +01:00 [INF] Read [1] cultures in file [Game_en.json].
2025-11-29 19:21:15.693 +01:00 [INF] Found [3] modified resources.
2025-11-29 19:21:15.693 +01:00 [INF] Import. Added [0] new resources.
2025-11-29 19:21:15.693 +01:00 [INF] Import. Updated [3] existing resources.
2025-11-29 19:21:15.904 +01:00 [INF] Saved file [Game.locres]. (Encoding: Auto)
2025-11-29 19:22:35.183 +01:00 [INF] Export [unknown] culture.
2025-11-29 19:22:35.224 +01:00 [INF] Loaded file [Game.locres].
2025-11-29 19:22:35.224 +01:00 [INF] Loaded file [].
2025-11-29 19:22:35.237 +01:00 [INF] Culture [unknown]. Wrote [9733] resources.
2025-11-29 19:22:35.291 +01:00 [INF] Wrote [1] cultures in file [base_en.json].
2025-11-29 19:22:37.702 +01:00 [INF] Import [unknown] culture.
2025-11-29 19:22:37.748 +01:00 [INF] Loaded file [Game.locres].
2025-11-29 19:22:37.835 +01:00 [INF] Culture [unknown]. Read [9733] resources.
2025-11-29 19:22:37.836 +01:00 [INF] Read [1] cultures in file [Game_en.json].
2025-11-29 19:22:37.837 +01:00 [INF] Found [3] modified resources.
2025-11-29 19:22:37.837 +01:00 [INF] Import. Added [0] new resources.
2025-11-29 19:22:37.837 +01:00 [INF] Import. Updated [3] existing resources.
2025-11-29 19:22:38.038 +01:00 [INF] Saved file [Game.locres]. (Encoding: Auto)
2025-11-29 19:23:37.673 +01:00 [INF] Export [unknown] culture.
2025-11-29 19:23:37.715 +01:00 [INF] Loaded file [Game.locres].
2025-11-29 19:23:37.715 +01:00 [INF] Loaded file [].
2025-11-29 19:23:37.728 +01:00 [INF] Culture [unknown]. Wrote [9733] resources.
2025-11-29 19:23:37.784 +01:00 [INF] Wrote [1] cultures in file [base_en.json].
2025-11-29 19:23:39.388 +01:00 [INF] Import [unknown] culture.
2025-11-29 19:23:39.429 +01:00 [INF] Loaded file [Game.locres].
2025-11-29 19:23:39.521 +01:00 [INF] Culture [unknown]. Read [9733] resources.
2025-11-29 19:23:39.521 +01:00 [INF] Read [1] cultures in file [Game_en.json].
2025-11-29 19:23:39.522 +01:00 [INF] Found [1] modified resources.
2025-11-29 19:23:39.522 +01:00 [INF] Import. Added [0] new resources.
2025-11-29 19:23:39.522 +01:00 [INF] Import. Updated [1] existing resources.
2025-11-29 19:23:39.712 +01:00 [INF] Saved file [Game.locres]. (Encoding: Auto)
2025-11-29 19:24:28.986 +01:00 [INF] Export [unknown] culture.
2025-11-29 19:24:29.039 +01:00 [INF] Loaded file [Game.locres].
2025-11-29 19:24:29.039 +01:00 [INF] Loaded file [].
2025-11-29 19:24:29.054 +01:00 [INF] Culture [unknown]. Wrote [9733] resources.
2025-11-29 19:24:29.122 +01:00 [INF] Wrote [1] cultures in file [base_en.json].
2025-11-29 19:24:30.391 +01:00 [INF] Import [unknown] culture.
2025-11-29 19:24:30.437 +01:00 [INF] Loaded file [Game.locres].
2025-11-29 19:24:30.536 +01:00 [INF] Culture [unknown]. Read [9733] resources.
2025-11-29 19:24:30.537 +01:00 [INF] Read [1] cultures in file [Game_en.json].
2025-11-29 19:24:30.538 +01:00 [INF] Found [3] modified resources.
2025-11-29 19:24:30.539 +01:00 [INF] Import. Added [0] new resources.
2025-11-29 19:24:30.539 +01:00 [INF] Import. Updated [3] existing resources.
2025-11-29 19:24:30.776 +01:00 [INF] Saved file [Game.locres]. (Encoding: Auto)
2025-11-29 19:24:36.434 +01:00 [INF] Import [unknown] culture.
2025-11-29 19:24:36.476 +01:00 [INF] Loaded file [Game.locres].
2025-11-29 19:24:36.564 +01:00 [INF] Culture [unknown]. Read [9733] resources.
2025-11-29 19:24:36.565 +01:00 [INF] Read [1] cultures in file [Game_en.json].
2025-11-29 19:24:36.566 +01:00 [INF] Found [3] modified resources.
2025-11-29 19:24:36.566 +01:00 [INF] Import. Added [0] new resources.
2025-11-29 19:24:36.566 +01:00 [INF] Import. Updated [3] existing resources.
2025-11-29 19:24:36.772 +01:00 [INF] Saved file [Game.locres]. (Encoding: Auto)
2025-11-29 19:24:50.241 +01:00 [INF] Export [unknown] culture.
2025-11-29 19:24:50.280 +01:00 [INF] Loaded file [Game.locres].
2025-11-29 19:24:50.281 +01:00 [INF] Loaded file [].
2025-11-29 19:24:50.293 +01:00 [INF] Culture [unknown]. Wrote [9733] resources.
2025-11-29 19:24:50.348 +01:00 [INF] Wrote [1] cultures in file [base_en.json].
2025-11-29 19:24:51.256 +01:00 [INF] Import [unknown] culture.
2025-11-29 19:24:51.298 +01:00 [INF] Loaded file [Game.locres].
2025-11-29 19:24:51.388 +01:00 [INF] Culture [unknown]. Read [9733] resources.
2025-11-29 19:24:51.389 +01:00 [INF] Read [1] cultures in file [Game_en.json].
2025-11-29 19:24:51.390 +01:00 [INF] Found [3] modified resources.
2025-11-29 19:24:51.390 +01:00 [INF] Import. Added [0] new resources.
2025-11-29 19:24:51.390 +01:00 [INF] Import. Updated [3] existing resources.
2025-11-29 19:24:51.584 +01:00 [INF] Saved file [Game.locres]. (Encoding: Auto)
2025-11-29 19:25:31.882 +01:00 [INF] Export [unknown] culture.
2025-11-29 19:25:31.925 +01:00 [INF] Loaded file [Game.locres].
2025-11-29 19:25:31.925 +01:00 [INF] Loaded file [].
2025-11-29 19:25:31.938 +01:00 [INF] Culture [unknown]. Wrote [9733] resources.
2025-11-29 19:25:31.996 +01:00 [INF] Wrote [1] cultures in file [base_en.json].
2025-11-29 19:25:44.823 +01:00 [INF] Import [unknown] culture.
2025-11-29 19:25:44.870 +01:00 [INF] Loaded file [Game.locres].
2025-11-29 19:25:44.960 +01:00 [INF] Culture [unknown]. Read [9733] resources.
2025-11-29 19:25:44.960 +01:00 [INF] Read [1] cultures in file [Game_en.json].
2025-11-29 19:25:44.961 +01:00 [INF] Found [3] modified resources.
2025-11-29 19:25:44.961 +01:00 [INF] Import. Added [0] new resources.
2025-11-29 19:25:44.961 +01:00 [INF] Import. Updated [3] existing resources.
2025-11-29 19:25:45.166 +01:00 [INF] Saved file [Game.locres]. (Encoding: Auto)
2025-11-29 19:26:44.977 +01:00 [INF] Export [unknown] culture.
2025-11-29 19:26:45.018 +01:00 [INF] Loaded file [Game.locres].
2025-11-29 19:26:45.018 +01:00 [INF] Loaded file [].
2025-11-29 19:26:45.032 +01:00 [INF] Culture [unknown]. Wrote [9733] resources.
2025-11-29 19:26:45.090 +01:00 [INF] Wrote [1] cultures in file [base_en.json].
2025-11-29 19:26:45.425 +01:00 [INF] Import [unknown] culture.
2025-11-29 19:26:45.468 +01:00 [INF] Loaded file [Game.locres].
2025-11-29 19:26:45.560 +01:00 [INF] Culture [unknown]. Read [9733] resources.
2025-11-29 19:26:45.561 +01:00 [INF] Read [1] cultures in file [Game_en.json].
2025-11-29 19:26:45.562 +01:00 [INF] Found [3] modified resources.
2025-11-29 19:26:45.562 +01:00 [INF] Import. Added [0] new resources.
2025-11-29 19:26:45.562 +01:00 [INF] Import. Updated [3] existing resources.
2025-11-29 19:26:45.803 +01:00 [INF] Saved file [Game.locres]. (Encoding: Auto)
2025-11-29 19:29:27.932 +01:00 [INF] Export [unknown] culture.
2025-11-29 19:29:27.973 +01:00 [INF] Loaded file [Game.locres].
2025-11-29 19:29:27.974 +01:00 [INF] Loaded file [].
2025-11-29 19:29:27.987 +01:00 [INF] Culture [unknown]. Wrote [9733] resources.
2025-11-29 19:29:28.042 +01:00 [INF] Wrote [1] cultures in file [base_en.json].
2025-11-29 19:29:28.357 +01:00 [INF] Import [unknown] culture.
2025-11-29 19:29:28.398 +01:00 [INF] Loaded file [Game.locres].
2025-11-29 19:29:28.492 +01:00 [INF] Culture [unknown]. Read [9733] resources.
2025-11-29 19:29:28.492 +01:00 [INF] Read [1] cultures in file [Game_en.json].
2025-11-29 19:29:28.493 +01:00 [INF] Found [3] modified resources.
2025-11-29 19:29:28.493 +01:00 [INF] Import. Added [0] new resources.
2025-11-29 19:29:28.494 +01:00 [INF] Import. Updated [3] existing resources.
2025-11-29 19:29:28.694 +01:00 [INF] Saved file [Game.locres]. (Encoding: Auto)
2025-11-29 19:32:13.480 +01:00 [INF] Export [unknown] culture.
2025-11-29 19:32:13.520 +01:00 [INF] Loaded file [Game.locres].
2025-11-29 19:32:13.520 +01:00 [INF] Loaded file [].
2025-11-29 19:32:13.533 +01:00 [INF] Culture [unknown]. Wrote [9733] resources.
2025-11-29 19:32:13.592 +01:00 [INF] Wrote [1] cultures in file [base_en.json].
2025-11-29 19:32:13.943 +01:00 [INF] Import [unknown] culture.
2025-11-29 19:32:13.990 +01:00 [INF] Loaded file [Game.locres].
2025-11-29 19:32:14.087 +01:00 [INF] Culture [unknown]. Read [9733] resources.
2025-11-29 19:32:14.087 +01:00 [INF] Read [1] cultures in file [Game_en.json].
2025-11-29 19:32:14.088 +01:00 [INF] Found [3] modified resources.
2025-11-29 19:32:14.088 +01:00 [INF] Import. Added [0] new resources.
2025-11-29 19:32:14.089 +01:00 [INF] Import. Updated [3] existing resources.
2025-11-29 19:32:14.335 +01:00 [INF] Saved file [Game.locres]. (Encoding: Auto)
2025-11-29 19:32:20.486 +01:00 [INF] Export [unknown] culture.
2025-11-29 19:32:20.529 +01:00 [INF] Loaded file [Game.locres].
2025-11-29 19:32:20.530 +01:00 [INF] Loaded file [].
2025-11-29 19:32:20.542 +01:00 [INF] Culture [unknown]. Wrote [9733] resources.
2025-11-29 19:32:20.596 +01:00 [INF] Wrote [1] cultures in file [base_en.json].
2025-11-29 19:32:20.891 +01:00 [INF] Import [unknown] culture.
2025-11-29 19:32:20.933 +01:00 [INF] Loaded file [Game.locres].
2025-11-29 19:32:21.026 +01:00 [INF] Culture [unknown]. Read [9733] resources.
2025-11-29 19:32:21.026 +01:00 [INF] Read [1] cultures in file [Game_en.json].
2025-11-29 19:32:21.027 +01:00 [INF] Found [3] modified resources.
2025-11-29 19:32:21.028 +01:00 [INF] Import. Added [0] new resources.
2025-11-29 19:32:21.028 +01:00 [INF] Import. Updated [3] existing resources.
2025-11-29 19:32:21.222 +01:00 [INF] Saved file [Game.locres]. (Encoding: Auto)
2025-11-29 22:51:15.641 +01:00 [INF] Export [unknown] culture.
2025-11-29 22:51:15.695 +01:00 [INF] Loaded file [Game.locres].
2025-11-29 22:51:15.696 +01:00 [INF] Loaded file [].
2025-11-29 22:51:15.709 +01:00 [INF] Culture [unknown]. Wrote [9733] resources.
2025-11-29 22:51:15.774 +01:00 [INF] Wrote [1] cultures in file [Game.json].
2025-11-29 22:53:21.096 +01:00 [INF] Export [unknown] culture.
2025-11-29 22:53:21.142 +01:00 [INF] Loaded file [Game.locres].
2025-11-29 22:53:21.142 +01:00 [INF] Loaded file [].
2025-11-29 22:53:21.155 +01:00 [INF] Culture [unknown]. Wrote [9733] resources.
2025-11-29 22:53:21.215 +01:00 [INF] Wrote [1] cultures in file [base_en.json].
2025-11-29 22:53:21.611 +01:00 [INF] Export [unknown] culture.
2025-11-29 22:53:21.663 +01:00 [INF] Loaded file [Game.locres].
2025-11-29 22:53:21.664 +01:00 [INF] Loaded file [].
2025-11-29 22:53:21.676 +01:00 [INF] Culture [unknown]. Wrote [9733] resources.
2025-11-29 22:53:21.743 +01:00 [INF] Wrote [1] cultures in file [base_it.json].
2025-11-29 22:53:22.147 +01:00 [INF] Import [unknown] culture.
2025-11-29 22:53:22.198 +01:00 [INF] Loaded file [Game.locres].
2025-11-29 22:53:22.301 +01:00 [INF] Culture [unknown]. Read [9733] resources.
2025-11-29 22:53:22.301 +01:00 [INF] Read [1] cultures in file [Game_en.json].
2025-11-29 22:53:22.302 +01:00 [INF] Found [3] modified resources.
2025-11-29 22:53:22.302 +01:00 [INF] Import. Added [0] new resources.
2025-11-29 22:53:22.303 +01:00 [INF] Import. Updated [3] existing resources.
2025-11-29 22:53:22.537 +01:00 [INF] Saved file [Game.locres]. (Encoding: Auto)
2025-11-29 22:53:22.757 +01:00 [INF] Import [unknown] culture.
2025-11-29 22:53:22.791 +01:00 [INF] Loaded file [Game.locres].
2025-11-29 22:53:22.888 +01:00 [INF] Culture [unknown]. Read [9733] resources.
2025-11-29 22:53:22.889 +01:00 [INF] Read [1] cultures in file [Game_it.json].
2025-11-29 22:53:22.890 +01:00 [INF] Found [1] modified resources.
2025-11-29 22:53:22.890 +01:00 [INF] Import. Added [0] new resources.
2025-11-29 22:53:22.890 +01:00 [INF] Import. Updated [1] existing resources.
2025-11-29 22:53:23.101 +01:00 [INF] Saved file [Game.locres]. (Encoding: Auto)
