Log file open, 11/29/25 22:53:23
LogPlatformFile: Not using cached read wrapper
LogInit:Display: RandInit(1010992725) SRandInit(1010992728).
LogTaskGraph: Started task graph with 3 named threads and 10 total threads with 1 sets of task threads.
LogInit: Version: 4.12.0-0+UE4
LogInit: API Version: 0
LogInit: Net Version: 0
LogDevObjectVersion: Number of dev versions registered: 13
LogDevObjectVersion:   Dev-Blueprints (B0D832E4-1F89-4F0D-ACCF-7EB736FD4AA2): 3
LogDevObjectVersion:   Dev-Build (E1C64328-A22C-4D53-A36C-8E866417BD8C): 0
LogDevObjectVersion:   Dev-Core (375EC13C-06E4-48FB-B500-84F0262A717E): 1
LogDevObjectVersion:   Dev-Editor (E4B068ED-F494-42E9-A231-DA0B2E46BB41): 1
LogDevObjectVersion:   Dev-Framework (CFFC743F-43B0-4480-9391-14DF171D2073): 3
LogDevObjectVersion:   Dev-Mobile (B02B49B5-BB20-44E9-A304-32B752E40360): 0
LogDevObjectVersion:   Dev-Networking (A4E4105C-59A1-49B5-A7C5-40C4547EDFEE): 0
LogDevObjectVersion:   Dev-Online (39C831C9-5AE6-47DC-9A44-9C173E1C8E7C): 0
LogDevObjectVersion:   Dev-Physics (78F01B33-EBEA-4F98-B9B4-84EACCB95AA2): 0
LogDevObjectVersion:   Dev-Platform (6631380F-2D4D-43E0-8009-CF276956A95A): 0
LogDevObjectVersion:   Dev-Rendering (12F88B9F-8875-4AFC-A67C-D90C383ABD29): 0
LogDevObjectVersion:   Dev-Sequencer (7B5AE74C-D270-4C10-A958-57980B212A5A): 0
LogDevObjectVersion:   Dev-VR (D7296918-1DD6-4BDD-9DE2-64A83CC13884): 0
LogInit: Compiled (64-bit): Mar 29 2016 06:45:58
LogInit: Compiled with Visual C++: 19.00.23026.00
LogInit: Build Configuration: Development
LogInit: Branch Name: UE4
LogInit: Command line: "C:\games\Projects\Crossworlds mod manager RED1\bin\Debug\net8.0-windows\Tools\LocresMod.pak" -create=filelist.txt -compress
LogInit: Base directory: C:/games/Projects/Crossworlds mod manager RED1/bin/Debug/net8.0-windows/Tools/UnrealPak/
LogInit: Installed Engine Build: 0
LogInit: Computer: LAPTOP-JR4AHM5D
LogInit: User: RED1
LogInit: CPU Page size=65536, Cores=8
LogInit: High frequency timer resolution =10.000000 MHz
LogMemory: Memory total: Physical=15.6GB (16GB approx)
LogMemory: Platform Memory Stats for Windows
LogMemory: Process Physical Memory: 18.27 MB used, 18.27 MB peak
LogMemory: Process Virtual Memory: 41.73 MB used, 41.73 MB peak
LogMemory: Physical Memory: 13569.69 MB used, 16024.51 MB total
LogMemory: Virtual Memory: 4286.67 MB used, 134217728.00 MB total
LogPaths:Warning: No paths for game localization data were specifed in the game configuration.
LogInit:Warning: No paths for engine localization data were specifed in the engine configuration.
LogTextLocalizationManager: No translations for ('') exist, falling back to 'en' for localization and internationalization data.
LogPakFile:Display: Loading response file filelist.txt
LogPakFile: Added file Source: C:/games/Projects/Crossworlds mod manager RED1/bin/Debug/net8.0-windows/Tools/LocresMod/*.* Dest: ../../../
LogPakFile:Display: Added 1 entries to add to pak file.
LogPakFile:Display: Collecting files to add to pak file...
LogPakFile:Display: Collected 2 files in 0.00s.
LogPakFile: Added compressed file "en/Game.locres", 38.18% of original size. Compressed Size 270973 bytes, Original Size 709657 bytes. 
LogPakFile: Added compressed file "it/Game.locres", 36.08% of original size. Compressed Size 296451 bytes, Original Size 821551 bytes. 
LogPakFile:Display: Added 2 files, 568552 bytes total, time 0.05s.
